#! /usr/bin/vvp
:ivl_version "0.9.7 " "(v0_9_7)";
:vpi_time_precision - 12;
:vpi_module "system";
:vpi_module "v2005_math";
:vpi_module "va_math";
S_0x20499e0 .scope module, "BUF" "BUF" 2 2;
 .timescale -9 -12;
L_0x20a1180 .functor BUFZ 1, C4<z>, C4<0>, C4<0>, C4<0>;
v0x1fec550_0 .net "A", 0 0, C4<z>; 0 drivers
v0x20807a0_0 .net "Y", 0 0, L_0x20a1180; 1 drivers
S_0x204dc90 .scope module, "DFFSR" "DFFSR" 2 33;
 .timescale -9 -12;
v0x20808b0_0 .net "C", 0 0, C4<z>; 0 drivers
v0x2080970_0 .net "D", 0 0, C4<z>; 0 drivers
v0x2080a10_0 .var "Q", 0 0;
v0x2080ab0_0 .net "R", 0 0, C4<z>; 0 drivers
v0x2080b60_0 .net "S", 0 0, C4<z>; 0 drivers
E_0x2080840 .event posedge, v0x2080ab0_0, v0x2080b60_0, v0x20808b0_0;
S_0x204cc90 .scope module, "testbench" "testbench" 3 1;
 .timescale -9 -12;
v0x20a4b50_0 .net "clk", 0 0, v0x20a4440_0; 1 drivers
v0x20a4bd0_0 .net "d", 3 0, v0x20a4830_0; 1 drivers
v0x20a4ca0_0 .net "dir", 0 0, v0x20a48b0_0; 1 drivers
v0x209ede0_0 .net "enb", 0 0, v0x20a4930_0; 1 drivers
v0x20a4e30_0 .net "mode", 1 0, v0x20a4a00_0; 1 drivers
RS_0x7f1bd73b22c8 .resolv tri, L_0x20ae180, L_0x20af4f0, L_0x20af830, L_0x20afa10;
v0x20a4f00_0 .net8 "q", 3 0, RS_0x7f1bd73b22c8; 4 drivers
v0x20a4f80_0 .net "s_in", 0 0, v0x20a4a80_0; 1 drivers
v0x20a5000_0 .net "s_out", 0 0, v0x2091010_0; 1 drivers
S_0x20a4350 .scope module, "tst1" "tester" 3 7, 4 1, S_0x204cc90;
 .timescale -9 -12;
v0x20a4440_0 .var "clk", 0 0;
v0x20a4830_0 .var "d", 3 0;
v0x20a48b0_0 .var "dir", 0 0;
v0x20a4930_0 .var "enb", 0 0;
v0x20a4a00_0 .var "mode", 1 0;
v0x20a4a80_0 .var "s_in", 0 0;
S_0x2080c00 .scope module, "reg1" "reg_desp" 3 8, 5 6, S_0x204cc90;
 .timescale -9 -12;
RS_0x7f1bd73b2238 .resolv tri, L_0x20a9c10, L_0x20ab5e0, L_0x20ace30, L_0x20af320;
v0x209a0d0_0 .net8 "_000_", 3 0, RS_0x7f1bd73b2238; 4 drivers
v0x20a0a90_0 .net "_001_", 0 0, L_0x20a6fc0; 1 drivers
v0x20a0b80_0 .net "_002_", 0 0, L_0x20a50d0; 1 drivers
v0x20a0c00_0 .net "_003_", 0 0, L_0x20a51c0; 1 drivers
v0x20a0d10_0 .net "_004_", 0 0, L_0x20a52c0; 1 drivers
v0x20a0d90_0 .net "_005_", 0 0, L_0x20a55e0; 1 drivers
v0x20a0e50_0 .net "_006_", 0 0, L_0x20a5820; 1 drivers
v0x20a0f60_0 .net "_007_", 0 0, L_0x20a5900; 1 drivers
v0x20a1030_0 .net "_008_", 0 0, L_0x20a5ba0; 1 drivers
v0x20a1100_0 .net "_009_", 0 0, L_0x20a5c80; 1 drivers
v0x20a11e0_0 .net "_010_", 0 0, L_0x209f160; 1 drivers
v0x20a1260_0 .net "_011_", 0 0, L_0x20a6100; 1 drivers
v0x20a1350_0 .net "_012_", 0 0, L_0x20a63a0; 1 drivers
v0x20a13d0_0 .net "_013_", 0 0, L_0x20a65a0; 1 drivers
v0x20a1560_0 .net "_014_", 0 0, L_0x20a6860; 1 drivers
v0x20a15e0_0 .net "_015_", 0 0, L_0x20a6ac0; 1 drivers
v0x20a1450_0 .net "_016_", 0 0, L_0x20a6d40; 1 drivers
v0x20a1790_0 .net "_017_", 0 0, L_0x20a7120; 1 drivers
v0x20a18b0_0 .net "_018_", 0 0, L_0x20a7390; 1 drivers
v0x20a1930_0 .net "_019_", 0 0, L_0x20a7600; 1 drivers
v0x20a1810_0 .net "_020_", 0 0, L_0x20a7880; 1 drivers
v0x20a1ab0_0 .net "_021_", 0 0, L_0x20a7b10; 1 drivers
v0x20a1bf0_0 .net "_022_", 0 0, L_0x20a7bf0; 1 drivers
v0x20a1c70_0 .net "_023_", 0 0, L_0x20a7e50; 1 drivers
v0x20a1b30_0 .net "_024_", 0 0, L_0x20a1a00; 1 drivers
v0x20a1e10_0 .net "_025_", 0 0, L_0x20a8380; 1 drivers
v0x20a1d40_0 .net "_026_", 0 0, L_0x20a86b0; 1 drivers
v0x20a1fc0_0 .net "_027_", 0 0, L_0x20a8a80; 1 drivers
v0x20a1ee0_0 .net "_028_", 0 0, L_0x20a8d00; 1 drivers
v0x20a2180_0 .net "_029_", 0 0, L_0x20a8de0; 1 drivers
v0x20a2040_0 .net "_030_", 0 0, L_0x20a9080; 1 drivers
v0x20a2300_0 .net "_031_", 0 0, L_0x20a91e0; 1 drivers
v0x20a2250_0 .net "_032_", 0 0, L_0x20a9460; 1 drivers
v0x20a24e0_0 .net "_033_", 0 0, L_0x20a9650; 1 drivers
v0x20a23d0_0 .net "_034_", 0 0, L_0x20a98d0; 1 drivers
v0x20a26d0_0 .net "_035_", 0 0, L_0x20a9d10; 1 drivers
v0x20a25b0_0 .net "_036_", 0 0, L_0x20a0c80; 1 drivers
v0x20a2880_0 .net "_037_", 0 0, L_0x20aa280; 1 drivers
v0x20a2750_0 .net "_038_", 0 0, L_0x20aa560; 1 drivers
v0x20a2a40_0 .net "_039_", 0 0, L_0x20aa820; 1 drivers
v0x20a2900_0 .net "_040_", 0 0, L_0x20a2820; 1 drivers
v0x20a2c10_0 .net "_041_", 0 0, L_0x20aadb0; 1 drivers
v0x20a2ac0_0 .net "_042_", 0 0, L_0x20ab0b0; 1 drivers
v0x20a2b90_0 .net "_043_", 0 0, L_0x20ab2a0; 1 drivers
v0x20a2e50_0 .net "_044_", 0 0, L_0x20a0ed0; 1 drivers
v0x20a2f20_0 .net "_045_", 0 0, L_0x20aba30; 1 drivers
v0x20a2ce0_0 .net "_046_", 0 0, L_0x20abd00; 1 drivers
v0x20a3120_0 .net "_047_", 0 0, L_0x20abf40; 1 drivers
v0x20a2fa0_0 .net "_048_", 0 0, L_0x20ac340; 1 drivers
v0x20a3070_0 .net "_049_", 0 0, L_0x20ac4f0; 1 drivers
v0x20a3390_0 .net "_050_", 0 0, L_0x20ac7f0; 1 drivers
v0x20a3460_0 .net "_051_", 0 0, L_0x20a0920; 1 drivers
v0x20a31f0_0 .net "_052_", 0 0, L_0x20ac1c0; 1 drivers
v0x20a32c0_0 .net "_053_", 0 0, L_0x20ad190; 1 drivers
v0x20a36a0_0 .net "_054_", 0 0, L_0x20acf50; 1 drivers
v0x20a3770_0 .net "_055_", 0 0, L_0x20ad700; 1 drivers
v0x20a3530_0 .net "_056_", 0 0, L_0x20ad7e0; 1 drivers
v0x20a3600_0 .net "_057_", 0 0, L_0x20ada70; 1 drivers
v0x20a3a20_0 .net "_058_", 0 0, L_0x20adc20; 1 drivers
v0x20a3af0_0 .net "_059_", 0 0, L_0x20adfd0; 1 drivers
v0x20a3840_0 .net "_060_", 0 0, L_0x20ae330; 1 drivers
v0x20a3910_0 .net "_061_", 0 0, L_0x20ae5b0; 1 drivers
v0x20a3dc0_0 .net "_062_", 0 0, L_0x20ae710; 1 drivers
v0x20a3e90_0 .net "_063_", 0 0, L_0x20a14d0; 1 drivers
v0x20a3bc0_0 .net "_064_", 0 0, L_0x20aebd0; 1 drivers
v0x20a3c90_0 .net "_065_", 0 0, L_0x20aedc0; 1 drivers
v0x20a4130_0 .net "_066_", 0 0, L_0x20a3d10; 1 drivers
v0x20a4200_0 .alias "clk", 0 0, v0x20a4b50_0;
v0x20a3f10_0 .alias "d", 3 0, v0x20a4bd0_0;
v0x20a3f90_0 .alias "dir", 0 0, v0x20a4ca0_0;
v0x20a4010_0 .alias "enb", 0 0, v0x209ede0_0;
v0x20a4090_0 .alias "mode", 1 0, v0x20a4e30_0;
v0x20a44d0_0 .alias "q", 3 0, v0x20a4f00_0;
v0x20a4550_0 .alias "s_in", 0 0, v0x20a4f80_0;
v0x20a4280_0 .alias "s_out", 0 0, v0x20a5000_0;
L_0x20a5220 .part v0x20a4a00_0, 0, 1;
L_0x20a5430 .part v0x20a4a00_0, 1, 1;
L_0x20a5fe0 .part RS_0x7f1bd73b22c8, 3, 1;
L_0x20a62a0 .part RS_0x7f1bd73b22c8, 0, 1;
L_0x20a6690 .part v0x20a4a00_0, 1, 1;
L_0x20a6730 .part v0x20a4a00_0, 0, 1;
L_0x20a71e0 .part RS_0x7f1bd73b22c8, 0, 1;
L_0x20a74e0 .part v0x20a4a00_0, 1, 1;
L_0x20a7760 .part RS_0x7f1bd73b22c8, 1, 1;
L_0x20a7cd0 .part v0x20a4830_0, 0, 1;
L_0x20a7fa0 .part v0x20a4a00_0, 0, 1;
L_0x20a8470 .part RS_0x7f1bd73b22c8, 0, 1;
L_0x20a8510 .part v0x20a4a00_0, 1, 1;
L_0x20a87c0 .part v0x20a4a00_0, 0, 1;
L_0x20a9c10 .part/pv L_0x20a9b50, 0, 1, 4;
L_0x20a9dd0 .part RS_0x7f1bd73b22c8, 1, 1;
L_0x20aa160 .part v0x20a4a00_0, 1, 1;
L_0x20aa390 .part v0x20a4830_0, 1, 1;
L_0x20aa670 .part RS_0x7f1bd73b22c8, 2, 1;
L_0x20aa980 .part RS_0x7f1bd73b22c8, 0, 1;
L_0x20aae70 .part v0x20a4a00_0, 1, 1;
L_0x20ab5e0 .part/pv L_0x20ab520, 1, 1, 4;
L_0x20ab930 .part RS_0x7f1bd73b22c8, 2, 1;
L_0x20abb90 .part v0x20a4830_0, 2, 1;
L_0x20abe20 .part RS_0x7f1bd73b22c8, 3, 1;
L_0x20ac0a0 .part RS_0x7f1bd73b22c8, 1, 1;
L_0x20ac5b0 .part v0x20a4a00_0, 1, 1;
L_0x20ace30 .part/pv L_0x20acd70, 2, 1, 4;
L_0x20ad070 .part RS_0x7f1bd73b22c8, 3, 1;
L_0x20ad330 .part RS_0x7f1bd73b22c8, 2, 1;
L_0x20ad8c0 .part v0x20a4830_0, 3, 1;
L_0x20add10 .part RS_0x7f1bd73b22c8, 3, 1;
L_0x20ad3d0 .part v0x20a4a00_0, 1, 1;
L_0x20ae0e0 .part v0x20a4a00_0, 0, 1;
L_0x20af320 .part/pv L_0x20af260, 3, 1, 4;
L_0x20af450 .part RS_0x7f1bd73b2238, 0, 1;
L_0x20ae180 .part/pv v0x2091c40_0, 0, 1, 4;
L_0x20aa710 .part RS_0x7f1bd73b2238, 1, 1;
L_0x20af4f0 .part/pv v0x20918e0_0, 1, 1, 4;
L_0x20af970 .part RS_0x7f1bd73b2238, 2, 1;
L_0x20af830 .part/pv v0x2091610_0, 2, 1, 4;
L_0x20af8d0 .part RS_0x7f1bd73b2238, 3, 1;
L_0x20afa10 .part/pv v0x20912f0_0, 3, 1, 4;
S_0x20a06f0 .scope module, "_067_" "NOT" 5 92, 2 8, S_0x2080c00;
 .timescale -9 -12;
L_0x20a50d0/d .functor NOT 1, v0x20a4930_0, C4<0>, C4<0>, C4<0>;
L_0x20a50d0 .delay (50000,50000,50000) L_0x20a50d0/d;
v0x20a07e0_0 .alias "A", 0 0, v0x209ede0_0;
v0x20a08a0_0 .alias "Y", 0 0, v0x20a0b80_0;
S_0x20a04c0 .scope module, "_068_" "NOT" 5 96, 2 8, S_0x2080c00;
 .timescale -9 -12;
L_0x20a51c0/d .functor NOT 1, L_0x20a5220, C4<0>, C4<0>, C4<0>;
L_0x20a51c0 .delay (50000,50000,50000) L_0x20a51c0/d;
v0x20a05b0_0 .net "A", 0 0, L_0x20a5220; 1 drivers
v0x20a0670_0 .alias "Y", 0 0, v0x20a0c00_0;
S_0x20a0280 .scope module, "_069_" "NOT" 5 100, 2 8, S_0x2080c00;
 .timescale -9 -12;
L_0x20a52c0/d .functor NOT 1, L_0x20a5430, C4<0>, C4<0>, C4<0>;
L_0x20a52c0 .delay (50000,50000,50000) L_0x20a52c0/d;
v0x20a0370_0 .net "A", 0 0, L_0x20a5430; 1 drivers
v0x20a03f0_0 .alias "Y", 0 0, v0x20a0d10_0;
S_0x209fec0 .scope module, "_070_" "NOR" 5 104, 2 20, S_0x2080c00;
 .timescale -9 -12;
L_0x20a5560 .functor OR 1, L_0x20a52c0, L_0x20a51c0, C4<0>, C4<0>;
L_0x20a55e0/d .functor NOT 1, L_0x20a5560, C4<0>, C4<0>, C4<0>;
L_0x20a55e0 .delay (60000,60000,60000) L_0x20a55e0/d;
v0x209ffb0_0 .alias "A", 0 0, v0x20a0d10_0;
v0x20a0080_0 .alias "B", 0 0, v0x20a0c00_0;
v0x20a0150_0 .alias "Y", 0 0, v0x20a0d90_0;
v0x20a01d0_0 .net *"_s0", 0 0, L_0x20a5560; 1 drivers
S_0x209fba0 .scope module, "_071_" "NOR" 5 109, 2 20, S_0x2080c00;
 .timescale -9 -12;
L_0x20a5710 .functor OR 1, L_0x20a55e0, L_0x20a50d0, C4<0>, C4<0>;
L_0x20a5820/d .functor NOT 1, L_0x20a5710, C4<0>, C4<0>, C4<0>;
L_0x20a5820 .delay (60000,60000,60000) L_0x20a5820/d;
v0x209fc90_0 .alias "A", 0 0, v0x20a0d90_0;
v0x209fd10_0 .alias "B", 0 0, v0x20a0b80_0;
v0x209fd90_0 .alias "Y", 0 0, v0x20a0e50_0;
v0x209fe10_0 .net *"_s0", 0 0, L_0x20a5710; 1 drivers
S_0x209f960 .scope module, "_072_" "NOT" 5 114, 2 8, S_0x2080c00;
 .timescale -9 -12;
L_0x20a5900/d .functor NOT 1, L_0x20a5820, C4<0>, C4<0>, C4<0>;
L_0x20a5900 .delay (50000,50000,50000) L_0x20a5900/d;
v0x209fa50_0 .alias "A", 0 0, v0x20a0e50_0;
v0x209fb20_0 .alias "Y", 0 0, v0x20a0f60_0;
S_0x209f5a0 .scope module, "_073_" "NAND" 5 118, 2 14, S_0x2080c00;
 .timescale -9 -12;
L_0x20a5a00 .functor AND 1, L_0x20a5900, v0x2091010_0, C4<1>, C4<1>;
L_0x20a5ba0/d .functor NOT 1, L_0x20a5a00, C4<0>, C4<0>, C4<0>;
L_0x20a5ba0 .delay (25000,25000,25000) L_0x20a5ba0/d;
v0x209f690_0 .alias "A", 0 0, v0x20a0f60_0;
v0x209f750_0 .alias "B", 0 0, v0x20a5000_0;
v0x209f800_0 .alias "Y", 0 0, v0x20a1030_0;
v0x209f8b0_0 .net *"_s0", 0 0, L_0x20a5a00; 1 drivers
S_0x209f390 .scope module, "_074_" "NOT" 5 123, 2 8, S_0x2080c00;
 .timescale -9 -12;
L_0x20a5c80/d .functor NOT 1, v0x20a48b0_0, C4<0>, C4<0>, C4<0>;
L_0x20a5c80 .delay (50000,50000,50000) L_0x20a5c80/d;
v0x209f480_0 .alias "A", 0 0, v0x20a4ca0_0;
v0x209f520_0 .alias "Y", 0 0, v0x20a1100_0;
S_0x209eff0 .scope module, "_075_" "NAND" 5 127, 2 14, S_0x2080c00;
 .timescale -9 -12;
L_0x20a5d80 .functor AND 1, L_0x20a5c80, L_0x20a5fe0, C4<1>, C4<1>;
L_0x209f160/d .functor NOT 1, L_0x20a5d80, C4<0>, C4<0>, C4<0>;
L_0x209f160 .delay (25000,25000,25000) L_0x209f160/d;
v0x209f0e0_0 .alias "A", 0 0, v0x20a1100_0;
v0x209f1f0_0 .net "B", 0 0, L_0x20a5fe0; 1 drivers
v0x209f290_0 .alias "Y", 0 0, v0x20a11e0_0;
v0x209f310_0 .net *"_s0", 0 0, L_0x20a5d80; 1 drivers
S_0x209ec70 .scope module, "_076_" "NAND" 5 132, 2 14, S_0x2080c00;
 .timescale -9 -12;
L_0x20a6080 .functor AND 1, v0x20a48b0_0, L_0x20a62a0, C4<1>, C4<1>;
L_0x20a6100/d .functor NOT 1, L_0x20a6080, C4<0>, C4<0>, C4<0>;
L_0x20a6100 .delay (25000,25000,25000) L_0x20a6100/d;
v0x209ed60_0 .alias "A", 0 0, v0x20a4ca0_0;
v0x209ee70_0 .net "B", 0 0, L_0x20a62a0; 1 drivers
v0x209eef0_0 .alias "Y", 0 0, v0x20a1260_0;
v0x209ef70_0 .net *"_s0", 0 0, L_0x20a6080; 1 drivers
S_0x209e8a0 .scope module, "_077_" "NAND" 5 137, 2 14, S_0x2080c00;
 .timescale -9 -12;
L_0x20a6340 .functor AND 1, L_0x20a6100, L_0x209f160, C4<1>, C4<1>;
L_0x20a63a0/d .functor NOT 1, L_0x20a6340, C4<0>, C4<0>, C4<0>;
L_0x20a63a0 .delay (25000,25000,25000) L_0x20a63a0/d;
v0x209e990_0 .alias "A", 0 0, v0x20a1260_0;
v0x209ea60_0 .alias "B", 0 0, v0x20a11e0_0;
v0x209eb10_0 .alias "Y", 0 0, v0x20a1350_0;
v0x209ebc0_0 .net *"_s0", 0 0, L_0x20a6340; 1 drivers
S_0x209e540 .scope module, "_078_" "NOR" 5 142, 2 20, S_0x2080c00;
 .timescale -9 -12;
L_0x20a6520 .functor OR 1, L_0x20a6690, L_0x20a6730, C4<0>, C4<0>;
L_0x20a65a0/d .functor NOT 1, L_0x20a6520, C4<0>, C4<0>, C4<0>;
L_0x20a65a0 .delay (60000,60000,60000) L_0x20a65a0/d;
v0x209e630_0 .net "A", 0 0, L_0x20a6690; 1 drivers
v0x209e6d0_0 .net "B", 0 0, L_0x20a6730; 1 drivers
v0x209e770_0 .alias "Y", 0 0, v0x20a13d0_0;
v0x209e7f0_0 .net *"_s0", 0 0, L_0x20a6520; 1 drivers
S_0x209e300 .scope module, "_079_" "NOT" 5 147, 2 8, S_0x2080c00;
 .timescale -9 -12;
L_0x20a6860/d .functor NOT 1, L_0x20a65a0, C4<0>, C4<0>, C4<0>;
L_0x20a6860 .delay (50000,50000,50000) L_0x20a6860/d;
v0x209e3f0_0 .alias "A", 0 0, v0x20a13d0_0;
v0x209e4c0_0 .alias "Y", 0 0, v0x20a1560_0;
S_0x209df90 .scope module, "_080_" "NOR" 5 151, 2 20, S_0x2080c00;
 .timescale -9 -12;
L_0x20a69b0 .functor OR 1, L_0x20a6860, L_0x20a50d0, C4<0>, C4<0>;
L_0x20a6ac0/d .functor NOT 1, L_0x20a69b0, C4<0>, C4<0>, C4<0>;
L_0x20a6ac0 .delay (60000,60000,60000) L_0x20a6ac0/d;
v0x209e080_0 .alias "A", 0 0, v0x20a1560_0;
v0x209e120_0 .alias "B", 0 0, v0x20a0b80_0;
v0x209e1a0_0 .alias "Y", 0 0, v0x20a15e0_0;
v0x209e250_0 .net *"_s0", 0 0, L_0x20a69b0; 1 drivers
S_0x209dc00 .scope module, "_081_" "NAND" 5 156, 2 14, S_0x2080c00;
 .timescale -9 -12;
L_0x20a6ba0 .functor AND 1, L_0x20a6ac0, L_0x20a63a0, C4<1>, C4<1>;
L_0x20a6d40/d .functor NOT 1, L_0x20a6ba0, C4<0>, C4<0>, C4<0>;
L_0x20a6d40 .delay (25000,25000,25000) L_0x20a6d40/d;
v0x209dcf0_0 .alias "A", 0 0, v0x20a15e0_0;
v0x209dd90_0 .alias "B", 0 0, v0x20a1350_0;
v0x209de30_0 .alias "Y", 0 0, v0x20a1450_0;
v0x209dee0_0 .net *"_s0", 0 0, L_0x20a6ba0; 1 drivers
S_0x209d870 .scope module, "_082_" "NAND" 5 161, 2 14, S_0x2080c00;
 .timescale -9 -12;
L_0x20a6e20 .functor AND 1, L_0x20a6d40, L_0x20a5ba0, C4<1>, C4<1>;
L_0x20a6fc0/d .functor NOT 1, L_0x20a6e20, C4<0>, C4<0>, C4<0>;
L_0x20a6fc0 .delay (25000,25000,25000) L_0x20a6fc0/d;
v0x209d960_0 .alias "A", 0 0, v0x20a1450_0;
v0x209da00_0 .alias "B", 0 0, v0x20a1030_0;
v0x209daa0_0 .alias "Y", 0 0, v0x20a0a90_0;
v0x209db50_0 .net *"_s0", 0 0, L_0x20a6e20; 1 drivers
S_0x209d500 .scope module, "_083_" "NAND" 5 166, 2 14, S_0x2080c00;
 .timescale -9 -12;
L_0x20a70a0 .functor AND 1, L_0x20a50d0, L_0x20a71e0, C4<1>, C4<1>;
L_0x20a7120/d .functor NOT 1, L_0x20a70a0, C4<0>, C4<0>, C4<0>;
L_0x20a7120 .delay (25000,25000,25000) L_0x20a7120/d;
v0x209d5f0_0 .alias "A", 0 0, v0x20a0b80_0;
v0x209d670_0 .net "B", 0 0, L_0x20a71e0; 1 drivers
v0x209d710_0 .alias "Y", 0 0, v0x20a1790_0;
v0x209d7c0_0 .net *"_s0", 0 0, L_0x20a70a0; 1 drivers
S_0x209d150 .scope module, "_084_" "NOR" 5 171, 2 20, S_0x2080c00;
 .timescale -9 -12;
L_0x20a7310 .functor OR 1, L_0x20a74e0, L_0x20a51c0, C4<0>, C4<0>;
L_0x20a7390/d .functor NOT 1, L_0x20a7310, C4<0>, C4<0>, C4<0>;
L_0x20a7390 .delay (60000,60000,60000) L_0x20a7390/d;
v0x209d240_0 .net "A", 0 0, L_0x20a74e0; 1 drivers
v0x209d300_0 .alias "B", 0 0, v0x20a0c00_0;
v0x209d3b0_0 .alias "Y", 0 0, v0x20a18b0_0;
v0x209d480_0 .net *"_s0", 0 0, L_0x20a7310; 1 drivers
S_0x209ce10 .scope module, "_085_" "NAND" 5 176, 2 14, S_0x2080c00;
 .timescale -9 -12;
L_0x20a7580 .functor AND 1, L_0x20a7760, v0x20a48b0_0, C4<1>, C4<1>;
L_0x20a7600/d .functor NOT 1, L_0x20a7580, C4<0>, C4<0>, C4<0>;
L_0x20a7600 .delay (25000,25000,25000) L_0x20a7600/d;
v0x209cf00_0 .net "A", 0 0, L_0x20a7760; 1 drivers
v0x209cf80_0 .alias "B", 0 0, v0x20a4ca0_0;
v0x209d000_0 .alias "Y", 0 0, v0x20a1930_0;
v0x209d0d0_0 .net *"_s0", 0 0, L_0x20a7580; 1 drivers
S_0x209ca90 .scope module, "_086_" "NAND" 5 181, 2 14, S_0x2080c00;
 .timescale -9 -12;
L_0x20a7800 .functor AND 1, L_0x20a7600, L_0x209f160, C4<1>, C4<1>;
L_0x20a7880/d .functor NOT 1, L_0x20a7800, C4<0>, C4<0>, C4<0>;
L_0x20a7880 .delay (25000,25000,25000) L_0x20a7880/d;
v0x209cb80_0 .alias "A", 0 0, v0x20a1930_0;
v0x209cc30_0 .alias "B", 0 0, v0x20a11e0_0;
v0x209ccb0_0 .alias "Y", 0 0, v0x20a1810_0;
v0x209cd60_0 .net *"_s0", 0 0, L_0x20a7800; 1 drivers
S_0x209c6f0 .scope module, "_087_" "NAND" 5 186, 2 14, S_0x2080c00;
 .timescale -9 -12;
L_0x20a7a00 .functor AND 1, L_0x20a7880, L_0x20a7390, C4<1>, C4<1>;
L_0x20a7b10/d .functor NOT 1, L_0x20a7a00, C4<0>, C4<0>, C4<0>;
L_0x20a7b10 .delay (25000,25000,25000) L_0x20a7b10/d;
v0x209c7e0_0 .alias "A", 0 0, v0x20a1810_0;
v0x209c880_0 .alias "B", 0 0, v0x20a18b0_0;
v0x209c930_0 .alias "Y", 0 0, v0x20a1ab0_0;
v0x209c9e0_0 .net *"_s0", 0 0, L_0x20a7a00; 1 drivers
S_0x209c490 .scope module, "_088_" "NOT" 5 191, 2 8, S_0x2080c00;
 .timescale -9 -12;
L_0x20a7bf0/d .functor NOT 1, L_0x20a7cd0, C4<0>, C4<0>, C4<0>;
L_0x20a7bf0 .delay (50000,50000,50000) L_0x20a7bf0/d;
v0x209c580_0 .net "A", 0 0, L_0x20a7cd0; 1 drivers
v0x209c640_0 .alias "Y", 0 0, v0x20a1bf0_0;
S_0x209c110 .scope module, "_089_" "NOR" 5 195, 2 20, S_0x2080c00;
 .timescale -9 -12;
L_0x20a7dd0 .functor OR 1, L_0x20a52c0, L_0x20a7fa0, C4<0>, C4<0>;
L_0x20a7e50/d .functor NOT 1, L_0x20a7dd0, C4<0>, C4<0>, C4<0>;
L_0x20a7e50 .delay (60000,60000,60000) L_0x20a7e50/d;
v0x209c200_0 .alias "A", 0 0, v0x20a0d10_0;
v0x209c2a0_0 .net "B", 0 0, L_0x20a7fa0; 1 drivers
v0x209c340_0 .alias "Y", 0 0, v0x20a1c70_0;
v0x209c410_0 .net *"_s0", 0 0, L_0x20a7dd0; 1 drivers
S_0x209bd90 .scope module, "_090_" "NAND" 5 200, 2 14, S_0x2080c00;
 .timescale -9 -12;
L_0x20a54d0 .functor AND 1, L_0x20a7e50, L_0x20a7bf0, C4<1>, C4<1>;
L_0x20a1a00/d .functor NOT 1, L_0x20a54d0, C4<0>, C4<0>, C4<0>;
L_0x20a1a00 .delay (25000,25000,25000) L_0x20a1a00/d;
v0x209be80_0 .alias "A", 0 0, v0x20a1c70_0;
v0x209bf30_0 .alias "B", 0 0, v0x20a1bf0_0;
v0x209bfb0_0 .alias "Y", 0 0, v0x20a1b30_0;
v0x209c060_0 .net *"_s0", 0 0, L_0x20a54d0; 1 drivers
S_0x209ba00 .scope module, "_091_" "NAND" 5 205, 2 14, S_0x2080c00;
 .timescale -9 -12;
L_0x20a8300 .functor AND 1, L_0x20a8470, L_0x20a8510, C4<1>, C4<1>;
L_0x20a8380/d .functor NOT 1, L_0x20a8300, C4<0>, C4<0>, C4<0>;
L_0x20a8380 .delay (25000,25000,25000) L_0x20a8380/d;
v0x209baf0_0 .net "A", 0 0, L_0x20a8470; 1 drivers
v0x209bb90_0 .net "B", 0 0, L_0x20a8510; 1 drivers
v0x209bc30_0 .alias "Y", 0 0, v0x20a1e10_0;
v0x209bce0_0 .net *"_s0", 0 0, L_0x20a8300; 1 drivers
S_0x209b670 .scope module, "_092_" "NAND" 5 210, 2 14, S_0x2080c00;
 .timescale -9 -12;
L_0x20a7d70 .functor AND 1, L_0x20a8380, L_0x20a87c0, C4<1>, C4<1>;
L_0x20a86b0/d .functor NOT 1, L_0x20a7d70, C4<0>, C4<0>, C4<0>;
L_0x20a86b0 .delay (25000,25000,25000) L_0x20a86b0/d;
v0x209b760_0 .alias "A", 0 0, v0x20a1e10_0;
v0x209b800_0 .net "B", 0 0, L_0x20a87c0; 1 drivers
v0x209b8a0_0 .alias "Y", 0 0, v0x20a1d40_0;
v0x209b950_0 .net *"_s0", 0 0, L_0x20a7d70; 1 drivers
S_0x209b2e0 .scope module, "_093_" "NAND" 5 215, 2 14, S_0x2080c00;
 .timescale -9 -12;
L_0x20a88e0 .functor AND 1, L_0x20a86b0, L_0x20a1a00, C4<1>, C4<1>;
L_0x20a8a80/d .functor NOT 1, L_0x20a88e0, C4<0>, C4<0>, C4<0>;
L_0x20a8a80 .delay (25000,25000,25000) L_0x20a8a80/d;
v0x209b3d0_0 .alias "A", 0 0, v0x20a1d40_0;
v0x209b470_0 .alias "B", 0 0, v0x20a1b30_0;
v0x209b510_0 .alias "Y", 0 0, v0x20a1fc0_0;
v0x209b5c0_0 .net *"_s0", 0 0, L_0x20a88e0; 1 drivers
S_0x209af80 .scope module, "_094_" "NAND" 5 220, 2 14, S_0x2080c00;
 .timescale -9 -12;
L_0x20a8b60 .functor AND 1, L_0x20a8a80, L_0x20a7b10, C4<1>, C4<1>;
L_0x20a8d00/d .functor NOT 1, L_0x20a8b60, C4<0>, C4<0>, C4<0>;
L_0x20a8d00 .delay (25000,25000,25000) L_0x20a8d00/d;
v0x209b070_0 .alias "A", 0 0, v0x20a1fc0_0;
v0x209b110_0 .alias "B", 0 0, v0x20a1ab0_0;
v0x209b1b0_0 .alias "Y", 0 0, v0x20a1ee0_0;
v0x209b230_0 .net *"_s0", 0 0, L_0x20a8b60; 1 drivers
S_0x209ad40 .scope module, "_095_" "NOT" 5 225, 2 8, S_0x2080c00;
 .timescale -9 -12;
L_0x20a8de0/d .functor NOT 1, v0x20a4a80_0, C4<0>, C4<0>, C4<0>;
L_0x20a8de0 .delay (50000,50000,50000) L_0x20a8de0/d;
v0x209ae30_0 .alias "A", 0 0, v0x20a4f80_0;
v0x209aeb0_0 .alias "Y", 0 0, v0x20a2180_0;
S_0x209a9f0 .scope module, "_096_" "NOR" 5 229, 2 20, S_0x2080c00;
 .timescale -9 -12;
L_0x20a9000 .functor OR 1, L_0x20a8de0, v0x20a48b0_0, C4<0>, C4<0>;
L_0x20a9080/d .functor NOT 1, L_0x20a9000, C4<0>, C4<0>, C4<0>;
L_0x20a9080 .delay (60000,60000,60000) L_0x20a9080/d;
v0x209aae0_0 .alias "A", 0 0, v0x20a2180_0;
v0x209ab90_0 .alias "B", 0 0, v0x20a4ca0_0;
v0x209ac10_0 .alias "Y", 0 0, v0x20a2040_0;
v0x209ac90_0 .net *"_s0", 0 0, L_0x20a9000; 1 drivers
S_0x209a650 .scope module, "_097_" "NAND" 5 234, 2 14, S_0x2080c00;
 .timescale -9 -12;
L_0x20a9160 .functor AND 1, L_0x20a7600, L_0x20a65a0, C4<1>, C4<1>;
L_0x20a91e0/d .functor NOT 1, L_0x20a9160, C4<0>, C4<0>, C4<0>;
L_0x20a91e0 .delay (25000,25000,25000) L_0x20a91e0/d;
v0x209a740_0 .alias "A", 0 0, v0x20a1930_0;
v0x209a7e0_0 .alias "B", 0 0, v0x20a13d0_0;
v0x209a890_0 .alias "Y", 0 0, v0x20a2300_0;
v0x209a940_0 .net *"_s0", 0 0, L_0x20a9160; 1 drivers
S_0x209a2c0 .scope module, "_098_" "NOR" 5 239, 2 20, S_0x2080c00;
 .timescale -9 -12;
L_0x20a92c0 .functor OR 1, L_0x20a91e0, L_0x20a9080, C4<0>, C4<0>;
L_0x20a9460/d .functor NOT 1, L_0x20a92c0, C4<0>, C4<0>, C4<0>;
L_0x20a9460 .delay (60000,60000,60000) L_0x20a9460/d;
v0x209a3b0_0 .alias "A", 0 0, v0x20a2300_0;
v0x209a450_0 .alias "B", 0 0, v0x20a2040_0;
v0x209a4f0_0 .alias "Y", 0 0, v0x20a2250_0;
v0x209a5a0_0 .net *"_s0", 0 0, L_0x20a92c0; 1 drivers
S_0x2099ec0 .scope module, "_099_" "NOR" 5 244, 2 20, S_0x2080c00;
 .timescale -9 -12;
L_0x20a9540 .functor OR 1, L_0x20a9460, L_0x20a50d0, C4<0>, C4<0>;
L_0x20a9650/d .functor NOT 1, L_0x20a9540, C4<0>, C4<0>, C4<0>;
L_0x20a9650 .delay (60000,60000,60000) L_0x20a9650/d;
v0x2099fb0_0 .alias "A", 0 0, v0x20a2250_0;
v0x209a050_0 .alias "B", 0 0, v0x20a0b80_0;
v0x209a160_0 .alias "Y", 0 0, v0x20a24e0_0;
v0x209a210_0 .net *"_s0", 0 0, L_0x20a9540; 1 drivers
S_0x2099b10 .scope module, "_100_" "NAND" 5 249, 2 14, S_0x2080c00;
 .timescale -9 -12;
L_0x20a9730 .functor AND 1, L_0x20a9650, L_0x20a8d00, C4<1>, C4<1>;
L_0x20a98d0/d .functor NOT 1, L_0x20a9730, C4<0>, C4<0>, C4<0>;
L_0x20a98d0 .delay (25000,25000,25000) L_0x20a98d0/d;
v0x2099c00_0 .alias "A", 0 0, v0x20a24e0_0;
v0x2099cc0_0 .alias "B", 0 0, v0x20a1ee0_0;
v0x2099d60_0 .alias "Y", 0 0, v0x20a23d0_0;
v0x2099e10_0 .net *"_s0", 0 0, L_0x20a9730; 1 drivers
S_0x2099790 .scope module, "_101_" "NAND" 5 254, 2 14, S_0x2080c00;
 .timescale -9 -12;
L_0x20a99b0 .functor AND 1, L_0x20a98d0, L_0x20a7120, C4<1>, C4<1>;
L_0x20a9b50/d .functor NOT 1, L_0x20a99b0, C4<0>, C4<0>, C4<0>;
L_0x20a9b50 .delay (25000,25000,25000) L_0x20a9b50/d;
v0x2099880_0 .alias "A", 0 0, v0x20a23d0_0;
v0x2099920_0 .alias "B", 0 0, v0x20a1790_0;
v0x20999c0_0 .net "Y", 0 0, L_0x20a9b50; 1 drivers
v0x2099a60_0 .net *"_s0", 0 0, L_0x20a99b0; 1 drivers
S_0x20993f0 .scope module, "_102_" "NOR" 5 259, 2 20, S_0x2080c00;
 .timescale -9 -12;
L_0x20a9cb0 .functor OR 1, L_0x20a5820, L_0x20a9dd0, C4<0>, C4<0>;
L_0x20a9d10/d .functor NOT 1, L_0x20a9cb0, C4<0>, C4<0>, C4<0>;
L_0x20a9d10 .delay (60000,60000,60000) L_0x20a9d10/d;
v0x20994e0_0 .alias "A", 0 0, v0x20a0e50_0;
v0x20995b0_0 .net "B", 0 0, L_0x20a9dd0; 1 drivers
v0x2099630_0 .alias "Y", 0 0, v0x20a26d0_0;
v0x20996e0_0 .net *"_s0", 0 0, L_0x20a9cb0; 1 drivers
S_0x2099090 .scope module, "_103_" "NAND" 5 264, 2 14, S_0x2080c00;
 .timescale -9 -12;
L_0x20a9f00 .functor AND 1, L_0x20aa160, L_0x20a51c0, C4<1>, C4<1>;
L_0x20a0c80/d .functor NOT 1, L_0x20a9f00, C4<0>, C4<0>, C4<0>;
L_0x20a0c80 .delay (25000,25000,25000) L_0x20a0c80/d;
v0x2099180_0 .net "A", 0 0, L_0x20aa160; 1 drivers
v0x2099200_0 .alias "B", 0 0, v0x20a0c00_0;
v0x20992a0_0 .alias "Y", 0 0, v0x20a25b0_0;
v0x2099370_0 .net *"_s0", 0 0, L_0x20a9f00; 1 drivers
S_0x2098d10 .scope module, "_104_" "NOR" 5 269, 2 20, S_0x2080c00;
 .timescale -9 -12;
L_0x20aa200 .functor OR 1, L_0x20a0c80, L_0x20aa390, C4<0>, C4<0>;
L_0x20aa280/d .functor NOT 1, L_0x20aa200, C4<0>, C4<0>, C4<0>;
L_0x20aa280 .delay (60000,60000,60000) L_0x20aa280/d;
v0x2098e00_0 .alias "A", 0 0, v0x20a25b0_0;
v0x2098eb0_0 .net "B", 0 0, L_0x20aa390; 1 drivers
v0x2098f30_0 .alias "Y", 0 0, v0x20a2880_0;
v0x2098fe0_0 .net *"_s0", 0 0, L_0x20aa200; 1 drivers
S_0x2098970 .scope module, "_105_" "NAND" 5 274, 2 14, S_0x2080c00;
 .timescale -9 -12;
L_0x20a9e70 .functor AND 1, L_0x20aa670, v0x20a48b0_0, C4<1>, C4<1>;
L_0x20aa560/d .functor NOT 1, L_0x20a9e70, C4<0>, C4<0>, C4<0>;
L_0x20aa560 .delay (25000,25000,25000) L_0x20aa560/d;
v0x2098a60_0 .net "A", 0 0, L_0x20aa670; 1 drivers
v0x2098b00_0 .alias "B", 0 0, v0x20a4ca0_0;
v0x2098bb0_0 .alias "Y", 0 0, v0x20a2750_0;
v0x2098c60_0 .net *"_s0", 0 0, L_0x20a9e70; 1 drivers
S_0x2098600 .scope module, "_106_" "NAND" 5 279, 2 14, S_0x2080c00;
 .timescale -9 -12;
L_0x20a7280 .functor AND 1, L_0x20a5c80, L_0x20aa980, C4<1>, C4<1>;
L_0x20aa820/d .functor NOT 1, L_0x20a7280, C4<0>, C4<0>, C4<0>;
L_0x20aa820 .delay (25000,25000,25000) L_0x20aa820/d;
v0x20986f0_0 .alias "A", 0 0, v0x20a1100_0;
v0x2098770_0 .net "B", 0 0, L_0x20aa980; 1 drivers
v0x2098810_0 .alias "Y", 0 0, v0x20a2a40_0;
v0x20988c0_0 .net *"_s0", 0 0, L_0x20a7280; 1 drivers
S_0x2098270 .scope module, "_107_" "NAND" 5 284, 2 14, S_0x2080c00;
 .timescale -9 -12;
L_0x20aa4c0 .functor AND 1, L_0x20aa820, L_0x20aa560, C4<1>, C4<1>;
L_0x20a2820/d .functor NOT 1, L_0x20aa4c0, C4<0>, C4<0>, C4<0>;
L_0x20a2820 .delay (25000,25000,25000) L_0x20a2820/d;
v0x2098360_0 .alias "A", 0 0, v0x20a2a40_0;
v0x2098400_0 .alias "B", 0 0, v0x20a2750_0;
v0x20984a0_0 .alias "Y", 0 0, v0x20a2900_0;
v0x2098550_0 .net *"_s0", 0 0, L_0x20aa4c0; 1 drivers
S_0x2097ee0 .scope module, "_108_" "NOR" 5 289, 2 20, S_0x2080c00;
 .timescale -9 -12;
L_0x20aaca0 .functor OR 1, L_0x20a2820, L_0x20aae70, C4<0>, C4<0>;
L_0x20aadb0/d .functor NOT 1, L_0x20aaca0, C4<0>, C4<0>, C4<0>;
L_0x20aadb0 .delay (60000,60000,60000) L_0x20aadb0/d;
v0x2097fd0_0 .alias "A", 0 0, v0x20a2900_0;
v0x2098070_0 .net "B", 0 0, L_0x20aae70; 1 drivers
v0x2098110_0 .alias "Y", 0 0, v0x20a2c10_0;
v0x20981c0_0 .net *"_s0", 0 0, L_0x20aaca0; 1 drivers
S_0x2097b50 .scope module, "_109_" "NOR" 5 294, 2 20, S_0x2080c00;
 .timescale -9 -12;
L_0x20aaf10 .functor OR 1, L_0x20aadb0, L_0x20aa280, C4<0>, C4<0>;
L_0x20ab0b0/d .functor NOT 1, L_0x20aaf10, C4<0>, C4<0>, C4<0>;
L_0x20ab0b0 .delay (60000,60000,60000) L_0x20ab0b0/d;
v0x2097c40_0 .alias "A", 0 0, v0x20a2c10_0;
v0x2097ce0_0 .alias "B", 0 0, v0x20a2880_0;
v0x2097d80_0 .alias "Y", 0 0, v0x20a2ac0_0;
v0x2097e30_0 .net *"_s0", 0 0, L_0x20aaf10; 1 drivers
S_0x20977c0 .scope module, "_110_" "NOR" 5 299, 2 20, S_0x2080c00;
 .timescale -9 -12;
L_0x20ab190 .functor OR 1, L_0x20ab0b0, L_0x20a50d0, C4<0>, C4<0>;
L_0x20ab2a0/d .functor NOT 1, L_0x20ab190, C4<0>, C4<0>, C4<0>;
L_0x20ab2a0 .delay (60000,60000,60000) L_0x20ab2a0/d;
v0x20978b0_0 .alias "A", 0 0, v0x20a2ac0_0;
v0x2097970_0 .alias "B", 0 0, v0x20a0b80_0;
v0x20979f0_0 .alias "Y", 0 0, v0x20a2b90_0;
v0x2097aa0_0 .net *"_s0", 0 0, L_0x20ab190; 1 drivers
S_0x2097440 .scope module, "_111_" "NOR" 5 304, 2 20, S_0x2080c00;
 .timescale -9 -12;
L_0x20ab380 .functor OR 1, L_0x20ab2a0, L_0x20a9d10, C4<0>, C4<0>;
L_0x20ab520/d .functor NOT 1, L_0x20ab380, C4<0>, C4<0>, C4<0>;
L_0x20ab520 .delay (60000,60000,60000) L_0x20ab520/d;
v0x2097530_0 .alias "A", 0 0, v0x20a2b90_0;
v0x20975d0_0 .alias "B", 0 0, v0x20a26d0_0;
v0x2097670_0 .net "Y", 0 0, L_0x20ab520; 1 drivers
v0x2097710_0 .net *"_s0", 0 0, L_0x20ab380; 1 drivers
S_0x20970b0 .scope module, "_112_" "NOR" 5 309, 2 20, S_0x2080c00;
 .timescale -9 -12;
L_0x20aaa20 .functor OR 1, L_0x20a5820, L_0x20ab930, C4<0>, C4<0>;
L_0x20a0ed0/d .functor NOT 1, L_0x20aaa20, C4<0>, C4<0>, C4<0>;
L_0x20a0ed0 .delay (60000,60000,60000) L_0x20a0ed0/d;
v0x20971a0_0 .alias "A", 0 0, v0x20a0e50_0;
v0x2097240_0 .net "B", 0 0, L_0x20ab930; 1 drivers
v0x20972e0_0 .alias "Y", 0 0, v0x20a2e50_0;
v0x2097390_0 .net *"_s0", 0 0, L_0x20aaa20; 1 drivers
S_0x2096d20 .scope module, "_113_" "NOR" 5 314, 2 20, S_0x2080c00;
 .timescale -9 -12;
L_0x20ab9d0 .functor OR 1, L_0x20a0c80, L_0x20abb90, C4<0>, C4<0>;
L_0x20aba30/d .functor NOT 1, L_0x20ab9d0, C4<0>, C4<0>, C4<0>;
L_0x20aba30 .delay (60000,60000,60000) L_0x20aba30/d;
v0x2096e10_0 .alias "A", 0 0, v0x20a25b0_0;
v0x2096eb0_0 .net "B", 0 0, L_0x20abb90; 1 drivers
v0x2096f50_0 .alias "Y", 0 0, v0x20a2f20_0;
v0x2097000_0 .net *"_s0", 0 0, L_0x20ab9d0; 1 drivers
S_0x2096990 .scope module, "_114_" "NAND" 5 319, 2 14, S_0x2080c00;
 .timescale -9 -12;
L_0x20ab680 .functor AND 1, v0x20a48b0_0, L_0x20abe20, C4<1>, C4<1>;
L_0x20abd00/d .functor NOT 1, L_0x20ab680, C4<0>, C4<0>, C4<0>;
L_0x20abd00 .delay (25000,25000,25000) L_0x20abd00/d;
v0x2096a80_0 .alias "A", 0 0, v0x20a4ca0_0;
v0x2096b20_0 .net "B", 0 0, L_0x20abe20; 1 drivers
v0x2096bc0_0 .alias "Y", 0 0, v0x20a2ce0_0;
v0x2096c70_0 .net *"_s0", 0 0, L_0x20ab680; 1 drivers
S_0x2096600 .scope module, "_115_" "NAND" 5 324, 2 14, S_0x2080c00;
 .timescale -9 -12;
L_0x20abec0 .functor AND 1, L_0x20ac0a0, L_0x20a5c80, C4<1>, C4<1>;
L_0x20abf40/d .functor NOT 1, L_0x20abec0, C4<0>, C4<0>, C4<0>;
L_0x20abf40 .delay (25000,25000,25000) L_0x20abf40/d;
v0x20966f0_0 .net "A", 0 0, L_0x20ac0a0; 1 drivers
v0x2096790_0 .alias "B", 0 0, v0x20a1100_0;
v0x2096860_0 .alias "Y", 0 0, v0x20a3120_0;
v0x20968e0_0 .net *"_s0", 0 0, L_0x20abec0; 1 drivers
S_0x2096270 .scope module, "_116_" "NAND" 5 329, 2 14, S_0x2080c00;
 .timescale -9 -12;
L_0x20abc30 .functor AND 1, L_0x20abf40, L_0x20abd00, C4<1>, C4<1>;
L_0x20ac340/d .functor NOT 1, L_0x20abc30, C4<0>, C4<0>, C4<0>;
L_0x20ac340 .delay (25000,25000,25000) L_0x20ac340/d;
v0x2096360_0 .alias "A", 0 0, v0x20a3120_0;
v0x2096400_0 .alias "B", 0 0, v0x20a2ce0_0;
v0x20964a0_0 .alias "Y", 0 0, v0x20a2fa0_0;
v0x2096550_0 .net *"_s0", 0 0, L_0x20abc30; 1 drivers
S_0x2095ee0 .scope module, "_117_" "NOR" 5 334, 2 20, S_0x2080c00;
 .timescale -9 -12;
L_0x20ac3e0 .functor OR 1, L_0x20ac340, L_0x20ac5b0, C4<0>, C4<0>;
L_0x20ac4f0/d .functor NOT 1, L_0x20ac3e0, C4<0>, C4<0>, C4<0>;
L_0x20ac4f0 .delay (60000,60000,60000) L_0x20ac4f0/d;
v0x2095fd0_0 .alias "A", 0 0, v0x20a2fa0_0;
v0x2096070_0 .net "B", 0 0, L_0x20ac5b0; 1 drivers
v0x2096110_0 .alias "Y", 0 0, v0x20a3070_0;
v0x20961c0_0 .net *"_s0", 0 0, L_0x20ac3e0; 1 drivers
S_0x2095b50 .scope module, "_118_" "NOR" 5 339, 2 20, S_0x2080c00;
 .timescale -9 -12;
L_0x20ac650 .functor OR 1, L_0x20ac4f0, L_0x20aba30, C4<0>, C4<0>;
L_0x20ac7f0/d .functor NOT 1, L_0x20ac650, C4<0>, C4<0>, C4<0>;
L_0x20ac7f0 .delay (60000,60000,60000) L_0x20ac7f0/d;
v0x2095c40_0 .alias "A", 0 0, v0x20a3070_0;
v0x2095ce0_0 .alias "B", 0 0, v0x20a2f20_0;
v0x2095d80_0 .alias "Y", 0 0, v0x20a3390_0;
v0x2095e30_0 .net *"_s0", 0 0, L_0x20ac650; 1 drivers
S_0x20957a0 .scope module, "_119_" "NOR" 5 344, 2 20, S_0x2080c00;
 .timescale -9 -12;
L_0x20ac8d0 .functor OR 1, L_0x20ac7f0, L_0x20a50d0, C4<0>, C4<0>;
L_0x20a0920/d .functor NOT 1, L_0x20ac8d0, C4<0>, C4<0>, C4<0>;
L_0x20a0920 .delay (60000,60000,60000) L_0x20a0920/d;
v0x2095890_0 .alias "A", 0 0, v0x20a3390_0;
v0x2095950_0 .alias "B", 0 0, v0x20a0b80_0;
v0x2095a20_0 .alias "Y", 0 0, v0x20a3460_0;
v0x2095aa0_0 .net *"_s0", 0 0, L_0x20ac8d0; 1 drivers
S_0x2095420 .scope module, "_120_" "NOR" 5 349, 2 20, S_0x2080c00;
 .timescale -9 -12;
L_0x20acbf0 .functor OR 1, L_0x20a0920, L_0x20a0ed0, C4<0>, C4<0>;
L_0x20acd70/d .functor NOT 1, L_0x20acbf0, C4<0>, C4<0>, C4<0>;
L_0x20acd70 .delay (60000,60000,60000) L_0x20acd70/d;
v0x2095510_0 .alias "A", 0 0, v0x20a3460_0;
v0x20955b0_0 .alias "B", 0 0, v0x20a2e50_0;
v0x2095650_0 .net "Y", 0 0, L_0x20acd70; 1 drivers
v0x20956f0_0 .net *"_s0", 0 0, L_0x20acbf0; 1 drivers
S_0x20950a0 .scope module, "_121_" "NAND" 5 354, 2 14, S_0x2080c00;
 .timescale -9 -12;
L_0x20ac140 .functor AND 1, L_0x20a50d0, L_0x20ad070, C4<1>, C4<1>;
L_0x20ac1c0/d .functor NOT 1, L_0x20ac140, C4<0>, C4<0>, C4<0>;
L_0x20ac1c0 .delay (25000,25000,25000) L_0x20ac1c0/d;
v0x2095190_0 .alias "A", 0 0, v0x20a0b80_0;
v0x2095240_0 .net "B", 0 0, L_0x20ad070; 1 drivers
v0x20952c0_0 .alias "Y", 0 0, v0x20a31f0_0;
v0x2095370_0 .net *"_s0", 0 0, L_0x20ac140; 1 drivers
S_0x2094d60 .scope module, "_122_" "NAND" 5 359, 2 14, S_0x2080c00;
 .timescale -9 -12;
L_0x20ad110 .functor AND 1, L_0x20ad330, L_0x20a5c80, C4<1>, C4<1>;
L_0x20ad190/d .functor NOT 1, L_0x20ad110, C4<0>, C4<0>, C4<0>;
L_0x20ad190 .delay (25000,25000,25000) L_0x20ad190/d;
v0x2094e50_0 .net "A", 0 0, L_0x20ad330; 1 drivers
v0x2094ef0_0 .alias "B", 0 0, v0x20a1100_0;
v0x2094fa0_0 .alias "Y", 0 0, v0x20a32c0_0;
v0x2095020_0 .net *"_s0", 0 0, L_0x20ad110; 1 drivers
S_0x20949e0 .scope module, "_123_" "NAND" 5 364, 2 14, S_0x2080c00;
 .timescale -9 -12;
L_0x20aced0 .functor AND 1, L_0x20ad190, L_0x20a6100, C4<1>, C4<1>;
L_0x20acf50/d .functor NOT 1, L_0x20aced0, C4<0>, C4<0>, C4<0>;
L_0x20acf50 .delay (25000,25000,25000) L_0x20acf50/d;
v0x2094ad0_0 .alias "A", 0 0, v0x20a32c0_0;
v0x2094b80_0 .alias "B", 0 0, v0x20a1260_0;
v0x2094c00_0 .alias "Y", 0 0, v0x20a36a0_0;
v0x2094cb0_0 .net *"_s0", 0 0, L_0x20aced0; 1 drivers
S_0x2094650 .scope module, "_124_" "NAND" 5 369, 2 14, S_0x2080c00;
 .timescale -9 -12;
L_0x20ad5f0 .functor AND 1, L_0x20acf50, L_0x20a7390, C4<1>, C4<1>;
L_0x20ad700/d .functor NOT 1, L_0x20ad5f0, C4<0>, C4<0>, C4<0>;
L_0x20ad700 .delay (25000,25000,25000) L_0x20ad700/d;
v0x2094740_0 .alias "A", 0 0, v0x20a36a0_0;
v0x20947e0_0 .alias "B", 0 0, v0x20a18b0_0;
v0x2094880_0 .alias "Y", 0 0, v0x20a3770_0;
v0x2094930_0 .net *"_s0", 0 0, L_0x20ad5f0; 1 drivers
S_0x2094410 .scope module, "_125_" "NOT" 5 374, 2 8, S_0x2080c00;
 .timescale -9 -12;
L_0x20ad7e0/d .functor NOT 1, L_0x20ad8c0, C4<0>, C4<0>, C4<0>;
L_0x20ad7e0 .delay (50000,50000,50000) L_0x20ad7e0/d;
v0x2094500_0 .net "A", 0 0, L_0x20ad8c0; 1 drivers
v0x20945a0_0 .alias "Y", 0 0, v0x20a3530_0;
S_0x2094080 .scope module, "_126_" "NAND" 5 378, 2 14, S_0x2080c00;
 .timescale -9 -12;
L_0x20ad960 .functor AND 1, L_0x20a7e50, L_0x20ad7e0, C4<1>, C4<1>;
L_0x20ada70/d .functor NOT 1, L_0x20ad960, C4<0>, C4<0>, C4<0>;
L_0x20ada70 .delay (25000,25000,25000) L_0x20ada70/d;
v0x2094170_0 .alias "A", 0 0, v0x20a1c70_0;
v0x2094210_0 .alias "B", 0 0, v0x20a3530_0;
v0x20942b0_0 .alias "Y", 0 0, v0x20a3600_0;
v0x2094360_0 .net *"_s0", 0 0, L_0x20ad960; 1 drivers
S_0x2093cf0 .scope module, "_127_" "NAND" 5 383, 2 14, S_0x2080c00;
 .timescale -9 -12;
L_0x20adba0 .functor AND 1, L_0x20add10, L_0x20ad3d0, C4<1>, C4<1>;
L_0x20adc20/d .functor NOT 1, L_0x20adba0, C4<0>, C4<0>, C4<0>;
L_0x20adc20 .delay (25000,25000,25000) L_0x20adc20/d;
v0x2093de0_0 .net "A", 0 0, L_0x20add10; 1 drivers
v0x2093e80_0 .net "B", 0 0, L_0x20ad3d0; 1 drivers
v0x2093f20_0 .alias "Y", 0 0, v0x20a3a20_0;
v0x2093fd0_0 .net *"_s0", 0 0, L_0x20adba0; 1 drivers
S_0x2093960 .scope module, "_128_" "NAND" 5 388, 2 14, S_0x2080c00;
 .timescale -9 -12;
L_0x20adec0 .functor AND 1, L_0x20adc20, L_0x20ae0e0, C4<1>, C4<1>;
L_0x20adfd0/d .functor NOT 1, L_0x20adec0, C4<0>, C4<0>, C4<0>;
L_0x20adfd0 .delay (25000,25000,25000) L_0x20adfd0/d;
v0x2093a50_0 .alias "A", 0 0, v0x20a3a20_0;
v0x2093af0_0 .net "B", 0 0, L_0x20ae0e0; 1 drivers
v0x2093b90_0 .alias "Y", 0 0, v0x20a3af0_0;
v0x2093c40_0 .net *"_s0", 0 0, L_0x20adec0; 1 drivers
S_0x20935d0 .scope module, "_129_" "NAND" 5 393, 2 14, S_0x2080c00;
 .timescale -9 -12;
L_0x20addb0 .functor AND 1, L_0x20adfd0, L_0x20ada70, C4<1>, C4<1>;
L_0x20ae330/d .functor NOT 1, L_0x20addb0, C4<0>, C4<0>, C4<0>;
L_0x20ae330 .delay (25000,25000,25000) L_0x20ae330/d;
v0x20936c0_0 .alias "A", 0 0, v0x20a3af0_0;
v0x2093760_0 .alias "B", 0 0, v0x20a3600_0;
v0x2093800_0 .alias "Y", 0 0, v0x20a3840_0;
v0x20938b0_0 .net *"_s0", 0 0, L_0x20addb0; 1 drivers
S_0x2093240 .scope module, "_130_" "NAND" 5 398, 2 14, S_0x2080c00;
 .timescale -9 -12;
L_0x20ae410 .functor AND 1, L_0x20ae330, L_0x20ad700, C4<1>, C4<1>;
L_0x20ae5b0/d .functor NOT 1, L_0x20ae410, C4<0>, C4<0>, C4<0>;
L_0x20ae5b0 .delay (25000,25000,25000) L_0x20ae5b0/d;
v0x2093330_0 .alias "A", 0 0, v0x20a3840_0;
v0x20933d0_0 .alias "B", 0 0, v0x20a3770_0;
v0x2093470_0 .alias "Y", 0 0, v0x20a3910_0;
v0x2093520_0 .net *"_s0", 0 0, L_0x20ae410; 1 drivers
S_0x2092eb0 .scope module, "_131_" "NOR" 5 403, 2 20, S_0x2080c00;
 .timescale -9 -12;
L_0x20ae690 .functor OR 1, L_0x20a8de0, L_0x20a5c80, C4<0>, C4<0>;
L_0x20ae710/d .functor NOT 1, L_0x20ae690, C4<0>, C4<0>, C4<0>;
L_0x20ae710 .delay (60000,60000,60000) L_0x20ae710/d;
v0x2092fa0_0 .alias "A", 0 0, v0x20a2180_0;
v0x2093040_0 .alias "B", 0 0, v0x20a1100_0;
v0x20930e0_0 .alias "Y", 0 0, v0x20a3dc0_0;
v0x2093190_0 .net *"_s0", 0 0, L_0x20ae690; 1 drivers
S_0x2092b20 .scope module, "_132_" "NAND" 5 408, 2 14, S_0x2080c00;
 .timescale -9 -12;
L_0x20ae7f0 .functor AND 1, L_0x20ad190, L_0x20a65a0, C4<1>, C4<1>;
L_0x20a14d0/d .functor NOT 1, L_0x20ae7f0, C4<0>, C4<0>, C4<0>;
L_0x20a14d0 .delay (25000,25000,25000) L_0x20a14d0/d;
v0x2092c10_0 .alias "A", 0 0, v0x20a32c0_0;
v0x2092cb0_0 .alias "B", 0 0, v0x20a13d0_0;
v0x2092d50_0 .alias "Y", 0 0, v0x20a3e90_0;
v0x2092e00_0 .net *"_s0", 0 0, L_0x20ae7f0; 1 drivers
S_0x2092790 .scope module, "_133_" "NOR" 5 413, 2 20, S_0x2080c00;
 .timescale -9 -12;
L_0x20aea30 .functor OR 1, L_0x20a14d0, L_0x20ae710, C4<0>, C4<0>;
L_0x20aebd0/d .functor NOT 1, L_0x20aea30, C4<0>, C4<0>, C4<0>;
L_0x20aebd0 .delay (60000,60000,60000) L_0x20aebd0/d;
v0x2092880_0 .alias "A", 0 0, v0x20a3e90_0;
v0x2092920_0 .alias "B", 0 0, v0x20a3dc0_0;
v0x20929c0_0 .alias "Y", 0 0, v0x20a3bc0_0;
v0x2092a70_0 .net *"_s0", 0 0, L_0x20aea30; 1 drivers
S_0x2092400 .scope module, "_134_" "NOR" 5 418, 2 20, S_0x2080c00;
 .timescale -9 -12;
L_0x20aecb0 .functor OR 1, L_0x20aebd0, L_0x20a50d0, C4<0>, C4<0>;
L_0x20aedc0/d .functor NOT 1, L_0x20aecb0, C4<0>, C4<0>, C4<0>;
L_0x20aedc0 .delay (60000,60000,60000) L_0x20aedc0/d;
v0x20924f0_0 .alias "A", 0 0, v0x20a3bc0_0;
v0x2092590_0 .alias "B", 0 0, v0x20a0b80_0;
v0x2092630_0 .alias "Y", 0 0, v0x20a3c90_0;
v0x20926e0_0 .net *"_s0", 0 0, L_0x20aecb0; 1 drivers
S_0x2092050 .scope module, "_135_" "NAND" 5 423, 2 14, S_0x2080c00;
 .timescale -9 -12;
L_0x20aeea0 .functor AND 1, L_0x20aedc0, L_0x20ae5b0, C4<1>, C4<1>;
L_0x20a3d10/d .functor NOT 1, L_0x20aeea0, C4<0>, C4<0>, C4<0>;
L_0x20a3d10 .delay (25000,25000,25000) L_0x20a3d10/d;
v0x2092140_0 .alias "A", 0 0, v0x20a3c90_0;
v0x2092200_0 .alias "B", 0 0, v0x20a3910_0;
v0x20922a0_0 .alias "Y", 0 0, v0x20a4130_0;
v0x2092350_0 .net *"_s0", 0 0, L_0x20aeea0; 1 drivers
S_0x2091ce0 .scope module, "_136_" "NAND" 5 428, 2 14, S_0x2080c00;
 .timescale -9 -12;
L_0x20af0c0 .functor AND 1, L_0x20a3d10, L_0x20ac1c0, C4<1>, C4<1>;
L_0x20af260/d .functor NOT 1, L_0x20af0c0, C4<0>, C4<0>, C4<0>;
L_0x20af260 .delay (25000,25000,25000) L_0x20af260/d;
v0x2091dd0_0 .alias "A", 0 0, v0x20a4130_0;
v0x2091e90_0 .alias "B", 0 0, v0x20a31f0_0;
v0x2091f30_0 .net "Y", 0 0, L_0x20af260; 1 drivers
v0x2091fd0_0 .net *"_s0", 0 0, L_0x20af0c0; 1 drivers
S_0x2091980 .scope module, "_137_" "DFF" 5 433, 2 26, S_0x2080c00;
 .timescale -9 -12;
v0x2091a70_0 .alias "C", 0 0, v0x20a4b50_0;
v0x2091ba0_0 .net "D", 0 0, L_0x20af450; 1 drivers
v0x2091c40_0 .var "Q", 0 0;
S_0x20916b0 .scope module, "_138_" "DFF" 5 438, 2 26, S_0x2080c00;
 .timescale -9 -12;
v0x20917a0_0 .alias "C", 0 0, v0x20a4b50_0;
v0x2091840_0 .net "D", 0 0, L_0x20aa710; 1 drivers
v0x20918e0_0 .var "Q", 0 0;
S_0x2091390 .scope module, "_139_" "DFF" 5 443, 2 26, S_0x2080c00;
 .timescale -9 -12;
v0x2091480_0 .alias "C", 0 0, v0x20a4b50_0;
v0x2091570_0 .net "D", 0 0, L_0x20af970; 1 drivers
v0x2091610_0 .var "Q", 0 0;
S_0x20910b0 .scope module, "_140_" "DFF" 5 448, 2 26, S_0x2080c00;
 .timescale -9 -12;
v0x20911a0_0 .alias "C", 0 0, v0x20a4b50_0;
v0x2091270_0 .net "D", 0 0, L_0x20af8d0; 1 drivers
v0x20912f0_0 .var "Q", 0 0;
S_0x2080d50 .scope module, "_141_" "DFF" 5 453, 2 26, S_0x2080c00;
 .timescale -9 -12;
v0x2080e60_0 .alias "C", 0 0, v0x20a4b50_0;
v0x2090f70_0 .alias "D", 0 0, v0x20a0a90_0;
v0x2091010_0 .var "Q", 0 0;
E_0x2080ef0 .event posedge, v0x2080e60_0;
    .scope S_0x204dc90;
T_0 ;
    %wait E_0x2080840;
    %load/v 8, v0x2080b60_0, 1;
    %jmp/0xz  T_0.0, 8;
    %ix/load 0, 1, 0;
    %assign/v0 v0x2080a10_0, 0, 1;
    %jmp T_0.1;
T_0.0 ;
    %load/v 8, v0x2080ab0_0, 1;
    %jmp/0xz  T_0.2, 8;
    %ix/load 0, 1, 0;
    %assign/v0 v0x2080a10_0, 0, 0;
    %jmp T_0.3;
T_0.2 ;
    %load/v 8, v0x2080970_0, 1;
    %ix/load 0, 1, 0;
    %assign/v0 v0x2080a10_0, 0, 8;
T_0.3 ;
T_0.1 ;
    %jmp T_0;
    .thread T_0;
    .scope S_0x20a4350;
T_1 ;
    %delay 5000, 0;
    %load/v 8, v0x20a4440_0, 1;
    %inv 8, 1;
    %set/v v0x20a4440_0, 8, 1;
    %jmp T_1;
    .thread T_1;
    .scope S_0x20a4350;
T_2 ;
    %ix/load 0, 1, 0;
    %assign/v0 v0x20a4440_0, 0, 0;
    %ix/load 0, 1, 0;
    %assign/v0 v0x20a4930_0, 0, 0;
    %ix/load 0, 1, 0;
    %assign/v0 v0x20a48b0_0, 0, 0;
    %ix/load 0, 1, 0;
    %assign/v0 v0x20a4a80_0, 0, 1;
    %ix/load 0, 2, 0;
    %assign/v0 v0x20a4a00_0, 0, 0;
    %vpi_call 4 18 "$display", "Inicia prueba #5, carga en paralelo";
    %movi 8, 2, 2;
    %ix/load 0, 2, 0;
    %assign/v0 v0x20a4a00_0, 0, 8;
    %ix/load 0, 1, 0;
    %assign/v0 v0x20a4930_0, 0, 1;
    %movi 8, 10, 4;
    %ix/load 0, 4, 0;
    %assign/v0 v0x20a4830_0, 0, 8;
    %delay 10000, 0;
    %vpi_call 4 24 "$display", "Inicia prueba #1, rotacion a la izquierda";
    %ix/load 0, 2, 0;
    %assign/v0 v0x20a4a00_0, 0, 0;
    %delay 40000, 0;
    %vpi_call 4 28 "$display", "Inicia prueba #5, carga en paralelo";
    %movi 8, 2, 2;
    %ix/load 0, 2, 0;
    %assign/v0 v0x20a4a00_0, 0, 8;
    %movi 8, 10, 4;
    %ix/load 0, 4, 0;
    %assign/v0 v0x20a4830_0, 0, 8;
    %delay 10000, 0;
    %vpi_call 4 33 "$display", "Inicia prueba #2, rotacion a la derecha";
    %ix/load 0, 2, 0;
    %assign/v0 v0x20a4a00_0, 0, 0;
    %ix/load 0, 1, 0;
    %assign/v0 v0x20a48b0_0, 0, 1;
    %delay 40000, 0;
    %vpi_call 4 38 "$display", "Inicia prueba #5, carga en paralelo";
    %movi 8, 2, 2;
    %ix/load 0, 2, 0;
    %assign/v0 v0x20a4a00_0, 0, 8;
    %movi 8, 1, 4;
    %ix/load 0, 4, 0;
    %assign/v0 v0x20a4830_0, 0, 8;
    %delay 10000, 0;
    %vpi_call 4 43 "$display", "Inicia prueba #3, rotacion circular a la izquierda";
    %movi 8, 1, 2;
    %ix/load 0, 2, 0;
    %assign/v0 v0x20a4a00_0, 0, 8;
    %ix/load 0, 1, 0;
    %assign/v0 v0x20a48b0_0, 0, 0;
    %delay 40000, 0;
    %vpi_call 4 48 "$display", "Inicia prueba #4, rotacion circular a la derecha";
    %movi 8, 1, 2;
    %ix/load 0, 2, 0;
    %assign/v0 v0x20a4a00_0, 0, 8;
    %ix/load 0, 1, 0;
    %assign/v0 v0x20a48b0_0, 0, 1;
    %delay 40000, 0;
    %vpi_call 4 51 "$finish";
    %end;
    .thread T_2;
    .scope S_0x2091980;
T_3 ;
    %wait E_0x2080ef0;
    %load/v 8, v0x2091ba0_0, 1;
    %ix/load 0, 1, 0;
    %assign/v0 v0x2091c40_0, 0, 8;
    %jmp T_3;
    .thread T_3;
    .scope S_0x20916b0;
T_4 ;
    %wait E_0x2080ef0;
    %load/v 8, v0x2091840_0, 1;
    %ix/load 0, 1, 0;
    %assign/v0 v0x20918e0_0, 0, 8;
    %jmp T_4;
    .thread T_4;
    .scope S_0x2091390;
T_5 ;
    %wait E_0x2080ef0;
    %load/v 8, v0x2091570_0, 1;
    %ix/load 0, 1, 0;
    %assign/v0 v0x2091610_0, 0, 8;
    %jmp T_5;
    .thread T_5;
    .scope S_0x20910b0;
T_6 ;
    %wait E_0x2080ef0;
    %load/v 8, v0x2091270_0, 1;
    %ix/load 0, 1, 0;
    %assign/v0 v0x20912f0_0, 0, 8;
    %jmp T_6;
    .thread T_6;
    .scope S_0x2080d50;
T_7 ;
    %wait E_0x2080ef0;
    %load/v 8, v0x2090f70_0, 1;
    %ix/load 0, 1, 0;
    %assign/v0 v0x2091010_0, 0, 8;
    %jmp T_7;
    .thread T_7;
    .scope S_0x204cc90;
T_8 ;
    %vpi_call 3 13 "$dumpfile", "register.vcd";
    %vpi_call 3 14 "$dumpvars";
    %vpi_call 3 15 "$display", "time\011 clk enb dir mode d s_in q s_out";
    %vpi_call 3 16 "$monitor", "%g\011    %b  %b  %b  %b %b %b %b  %b", $time, v0x20a4b50_0, v0x209ede0_0, v0x20a4ca0_0, v0x20a4e30_0, v0x20a4bd0_0, v0x20a4f80_0, v0x20a4f00_0, v0x20a5000_0;
    %end;
    .thread T_8;
# The file index is used to find the file name in the following table.
:file_names 6;
    "N/A";
    "<interactive>";
    "./mycells.v";
    "register4B_tb.v";
    "tester4B.v";
    "synth4B.v";
